-------------------------------------------------------------------------------
Test set: runners.RunnerClass
-------------------------------------------------------------------------------
Tests run: 2, Failures: 1, Errors: 0, Skipped: 0, Time elapsed: 19.908 s <<< FAILURE! - in runners.RunnerClass
Validation of login scenarios.ESS login  Time elapsed: 8.021 s  <<< FAILURE!
java.lang.AssertionError
	at org.junit.Assert.fail(Assert.java:87)
	at org.junit.Assert.assertTrue(Assert.java:42)
	at org.junit.Assert.assertFalse(Assert.java:65)
	at org.junit.Assert.assertFalse(Assert.java:75)
	at steps.LoginSteps.ess_user_is_successfully_logged_in(LoginSteps.java:33)
	at âœ½.ess user is successfully logged in(file:///C:/Users/sohai/IdeaProjects/CucumberFrameworkBatch12/src/test/resources/features/Login.feature:18)

